<?xml version="1.0" encoding="UTF-8"?>
<!-- Generated by org.testng.reporters.JUnitXMLReporter -->
<testsuite ignored="0" hostname="LAPTOP-RFI1TMRI" failures="0" tests="11" name="Test" time="10.375" errors="0" timestamp="2026-08-25T19:36:21 IST">
  <testcase classname="api.BasicAuthTest" name="basicAuthTest" time="2.997"/>
  <testcase classname="api.RequestBodyTest" name="requestBodyTest" time="1.319"/>
  <testcase classname="api.DeleteUserApiTest" name="deleteUserTest" time="0.556"/>
  <testcase classname="api.GetuserByIdTest" name="getUserByIdTest" time="0.949"/>
  <testcase classname="api.CreateUserApiTest" name="createUserTest" time="0.617"/>
  <testcase classname="api.HeaderTest" name="headerTest" time="0.711"/>
  <testcase classname="api.BearerTokenTest" name="bearerTokenTest" time="0.709"/>
  <testcase classname="api.NegativeApiTest" name="invalidUserTest" time="0.996"/>
  <testcase classname="api.UpdateUserApiTest" name="updateUserTest" time="0.643"/>
  <testcase classname="api.GetUsersQueryTest" name="getUsersWithQueryParamTest" time="0.419"/>
  <testcase classname="api.UserapiTest" name="getUserTest" time="0.384"/>
</testsuite> <!-- Test -->
